2021-10-31 18:45:23,599 - AdjHE_formula.py[line:30] - INFO: Argument PC: 'NULL'
2021-10-31 18:45:23,600 - AdjHE_formula.py[line:30] - INFO: Argument covar: 'Example/covar.csv'
2021-10-31 18:45:23,600 - AdjHE_formula.py[line:30] - INFO: Argument k: 0
2021-10-31 18:45:23,600 - AdjHE_formula.py[line:30] - INFO: Argument mpheno: 1
2021-10-31 18:45:23,600 - AdjHE_formula.py[line:30] - INFO: Argument npc: 0
2021-10-31 18:45:23,600 - AdjHE_formula.py[line:30] - INFO: Argument out: 'Example/herit'
2021-10-31 18:45:23,600 - AdjHE_formula.py[line:30] - INFO: Argument pheno: 'Example/pheno.phen'
2021-10-31 18:45:23,600 - AdjHE_formula.py[line:30] - INFO: Argument prefix: 'Example/grm'
2021-10-31 18:45:23,600 - AdjHE_formula.py[line:30] - INFO: Argument std: False
2021-10-31 18:45:41,392 - AdjHE_formula.py[line:30] - INFO: Argument PC: 'NULL'
2021-10-31 18:45:41,393 - AdjHE_formula.py[line:30] - INFO: Argument covar: 'Example/covar.csv'
2021-10-31 18:45:41,393 - AdjHE_formula.py[line:30] - INFO: Argument k: 0
2021-10-31 18:45:41,393 - AdjHE_formula.py[line:30] - INFO: Argument mpheno: 1
2021-10-31 18:45:41,393 - AdjHE_formula.py[line:30] - INFO: Argument npc: 0
2021-10-31 18:45:41,393 - AdjHE_formula.py[line:30] - INFO: Argument out: 'Example/herit'
2021-10-31 18:45:41,394 - AdjHE_formula.py[line:30] - INFO: Argument pheno: 'Example/pheno.phen'
2021-10-31 18:45:41,394 - AdjHE_formula.py[line:30] - INFO: Argument prefix: 'Example/grm'
2021-10-31 18:45:41,394 - AdjHE_formula.py[line:30] - INFO: Argument std: False
2021-10-31 18:47:26,742 - AdjHE_formula.py[line:30] - INFO: Argument PC: 'NULL'
2021-10-31 18:47:26,742 - AdjHE_formula.py[line:30] - INFO: Argument covar: 'Example/covar.csv'
2021-10-31 18:47:26,743 - AdjHE_formula.py[line:30] - INFO: Argument k: 0
2021-10-31 18:47:26,743 - AdjHE_formula.py[line:30] - INFO: Argument mpheno: 1
2021-10-31 18:47:26,743 - AdjHE_formula.py[line:30] - INFO: Argument npc: 0
2021-10-31 18:47:26,743 - AdjHE_formula.py[line:30] - INFO: Argument out: 'Example/herit'
2021-10-31 18:47:26,743 - AdjHE_formula.py[line:30] - INFO: Argument pheno: 'Example/pheno.phen'
2021-10-31 18:47:26,743 - AdjHE_formula.py[line:30] - INFO: Argument prefix: 'Example/grm'
2021-10-31 18:47:26,743 - AdjHE_formula.py[line:30] - INFO: Argument std: False
2021-10-31 18:49:12,410 - AdjHE_formula.py[line:30] - INFO: Argument PC: 'NULL'
2021-10-31 18:49:12,411 - AdjHE_formula.py[line:30] - INFO: Argument covar: 'Example/covar.csv'
2021-10-31 18:49:12,411 - AdjHE_formula.py[line:30] - INFO: Argument k: 0
2021-10-31 18:49:12,412 - AdjHE_formula.py[line:30] - INFO: Argument mpheno: 1
2021-10-31 18:49:12,412 - AdjHE_formula.py[line:30] - INFO: Argument npc: 0
2021-10-31 18:49:12,412 - AdjHE_formula.py[line:30] - INFO: Argument out: 'Example/herit'
2021-10-31 18:49:12,412 - AdjHE_formula.py[line:30] - INFO: Argument pheno: 'Example/pheno.phen'
2021-10-31 18:49:12,412 - AdjHE_formula.py[line:30] - INFO: Argument prefix: 'Example/grm'
2021-10-31 18:49:12,412 - AdjHE_formula.py[line:30] - INFO: Argument std: False
2021-10-31 18:59:45,142 - AdjHE_formula.py[line:30] - INFO: Argument PC: 'NULL'
2021-10-31 18:59:45,143 - AdjHE_formula.py[line:30] - INFO: Argument covar: 'Example/covar.csv'
2021-10-31 18:59:45,143 - AdjHE_formula.py[line:30] - INFO: Argument k: 0
2021-10-31 18:59:45,143 - AdjHE_formula.py[line:30] - INFO: Argument mpheno: 1
2021-10-31 18:59:45,143 - AdjHE_formula.py[line:30] - INFO: Argument npc: 0
2021-10-31 18:59:45,143 - AdjHE_formula.py[line:30] - INFO: Argument out: 'Example/herit'
2021-10-31 18:59:45,143 - AdjHE_formula.py[line:30] - INFO: Argument pheno: 'Example/pheno.phen'
2021-10-31 18:59:45,143 - AdjHE_formula.py[line:30] - INFO: Argument prefix: 'Example/grm'
2021-10-31 18:59:45,143 - AdjHE_formula.py[line:30] - INFO: Argument std: False
2021-10-31 19:04:19,145 - AdjHE_formula.py[line:30] - INFO: Argument PC: 'NULL'
2021-10-31 19:04:19,145 - AdjHE_formula.py[line:30] - INFO: Argument covar: 'Example/covar.csv'
2021-10-31 19:04:19,145 - AdjHE_formula.py[line:30] - INFO: Argument k: 0
2021-10-31 19:04:19,145 - AdjHE_formula.py[line:30] - INFO: Argument mpheno: 1
2021-10-31 19:04:19,145 - AdjHE_formula.py[line:30] - INFO: Argument npc: 0
2021-10-31 19:04:19,145 - AdjHE_formula.py[line:30] - INFO: Argument out: 'Example/herit'
2021-10-31 19:04:19,146 - AdjHE_formula.py[line:30] - INFO: Argument pheno: 'Example/pheno.phen'
2021-10-31 19:04:19,146 - AdjHE_formula.py[line:30] - INFO: Argument prefix: 'Example/grm'
2021-10-31 19:04:19,146 - AdjHE_formula.py[line:30] - INFO: Argument std: False
2021-10-31 19:05:22,062 - AdjHE_formula.py[line:30] - INFO: Argument PC: 'NULL'
2021-10-31 19:05:22,063 - AdjHE_formula.py[line:30] - INFO: Argument covar: 'Example/cr.csv'
2021-10-31 19:05:22,063 - AdjHE_formula.py[line:30] - INFO: Argument k: 0
2021-10-31 19:05:22,063 - AdjHE_formula.py[line:30] - INFO: Argument mpheno: 1
2021-10-31 19:05:22,063 - AdjHE_formula.py[line:30] - INFO: Argument npc: 0
2021-10-31 19:05:22,063 - AdjHE_formula.py[line:30] - INFO: Argument out: 'Example/herit'
2021-10-31 19:05:22,063 - AdjHE_formula.py[line:30] - INFO: Argument pheno: 'Example/pheno.phen'
2021-10-31 19:05:22,063 - AdjHE_formula.py[line:30] - INFO: Argument prefix: 'Example/grm'
2021-10-31 19:05:22,063 - AdjHE_formula.py[line:30] - INFO: Argument std: False
2021-10-31 19:05:26,041 - AdjHE_formula.py[line:30] - INFO: Argument PC: 'NULL'
2021-10-31 19:05:26,042 - AdjHE_formula.py[line:30] - INFO: Argument covar: 'Example/covar.csv'
2021-10-31 19:05:26,042 - AdjHE_formula.py[line:30] - INFO: Argument k: 0
2021-10-31 19:05:26,042 - AdjHE_formula.py[line:30] - INFO: Argument mpheno: 1
2021-10-31 19:05:26,042 - AdjHE_formula.py[line:30] - INFO: Argument npc: 0
2021-10-31 19:05:26,042 - AdjHE_formula.py[line:30] - INFO: Argument out: 'Example/herit'
2021-10-31 19:05:26,042 - AdjHE_formula.py[line:30] - INFO: Argument pheno: 'Example/pheno.phen'
2021-10-31 19:05:26,042 - AdjHE_formula.py[line:30] - INFO: Argument prefix: 'Example/grm'
2021-10-31 19:05:26,042 - AdjHE_formula.py[line:30] - INFO: Argument std: False
2021-10-31 19:10:21,112 - AdjHE_formula.py[line:30] - INFO: Argument PC: 'NULL'
2021-10-31 19:10:21,112 - AdjHE_formula.py[line:30] - INFO: Argument covar: 'NULL'
2021-10-31 19:10:21,112 - AdjHE_formula.py[line:30] - INFO: Argument k: 0
2021-10-31 19:10:21,112 - AdjHE_formula.py[line:30] - INFO: Argument mpheno: 1
2021-10-31 19:10:21,113 - AdjHE_formula.py[line:30] - INFO: Argument npc: 0
2021-10-31 19:10:21,113 - AdjHE_formula.py[line:30] - INFO: Argument out: 'Example/herit'
2021-10-31 19:10:21,113 - AdjHE_formula.py[line:30] - INFO: Argument pheno: 'Example/pheno.phen'
2021-10-31 19:10:21,113 - AdjHE_formula.py[line:30] - INFO: Argument prefix: 'Example/grm'
2021-10-31 19:10:21,113 - AdjHE_formula.py[line:30] - INFO: Argument std: False
2021-10-31 19:10:21,256 - /panfs/roc/msisoft/anaconda/python3-2020.07-mamba/lib/python3.8/site-packages/numexpr/utils.py[line:129] - INFO: Note: NumExpr detected 24 cores but "NUMEXPR_MAX_THREADS" not set, so enforcing safe limit of 8.
2021-10-31 19:10:21,256 - /panfs/roc/msisoft/anaconda/python3-2020.07-mamba/lib/python3.8/site-packages/numexpr/utils.py[line:141] - INFO: NumExpr defaulting to 8 threads.
2021-10-31 19:10:22,086 - AdjHE_formula.py[line:97] - INFO: GRM matrix restored done. It takes: 0.8282877942547202 seconds.
2021-10-31 19:10:22,218 - AdjHE_formula.py[line:112] - INFO: h2: 0.5647428239828043
2021-10-31 19:10:22,218 - AdjHE_formula.py[line:113] - INFO: Standard error: 0.02442332868354013
2021-10-31 19:10:22,218 - AdjHE_formula.py[line:114] - INFO: It takes: 1.1085738292895257 seconds.
2021-10-31 19:10:22,218 - AdjHE_formula.py[line:115] - INFO: Memory usage:505020
