This is pdfTeX, Version 3.141592653-2.6-1.40.23 (TeX Live 2021) (preloaded format=pdflatex 2022.3.21)  18 NOV 2022 14:59
entering extended mode
 restricted \write18 enabled.
 %&-line parsing enabled.
**2022_MIDB_AdjHE.tex
(./2022_MIDB_AdjHE.tex
LaTeX2e <2021-11-15> patch level 1
L3 programming layer <2022-02-24>
(/home/christian/.TinyTeX/texmf-dist/tex/latex/beamer/beamer.cls
Document Class: beamer 2022/02/08 v3.66 A class for typesetting presentations
(/home/christian/.TinyTeX/texmf-dist/tex/latex/beamer/beamerbasemodes.sty
(/home/christian/.TinyTeX/texmf-dist/tex/latex/etoolbox/etoolbox.sty
Package: etoolbox 2020/10/05 v2.5k e-TeX tools for LaTeX (JAW)
\etb@tempcnta=\count185
)
\beamer@tempbox=\box50
\beamer@tempcount=\count186
\c@beamerpauses=\count187

(/home/christian/.TinyTeX/texmf-dist/tex/latex/beamer/beamerbasedecode.sty
\beamer@slideinframe=\count188
\beamer@minimum=\count189
\beamer@decode@box=\box51
)
\beamer@commentbox=\box52
\beamer@modecount=\count190
)
(/home/christian/.TinyTeX/texmf-dist/tex/generic/iftex/iftex.sty
Package: iftex 2022/02/03 v1.0f TeX engine tests
)
\headdp=\dimen138
\footheight=\dimen139
\sidebarheight=\dimen140
\beamer@tempdim=\dimen141
\beamer@finalheight=\dimen142
\beamer@animht=\dimen143
\beamer@animdp=\dimen144
\beamer@animwd=\dimen145
\beamer@leftmargin=\dimen146
\beamer@rightmargin=\dimen147
\beamer@leftsidebar=\dimen148
\beamer@rightsidebar=\dimen149
\beamer@boxsize=\dimen150
\beamer@vboxoffset=\dimen151
\beamer@descdefault=\dimen152
\beamer@descriptionwidth=\dimen153
\beamer@lastskip=\skip47
\beamer@areabox=\box53
\beamer@animcurrent=\box54
\beamer@animshowbox=\box55
\beamer@sectionbox=\box56
\beamer@logobox=\box57
\beamer@linebox=\box58
\beamer@sectioncount=\count191
\beamer@subsubsectionmax=\count192
\beamer@subsectionmax=\count193
\beamer@sectionmax=\count194
\beamer@totalheads=\count195
\beamer@headcounter=\count196
\beamer@partstartpage=\count197
\beamer@sectionstartpage=\count198
\beamer@subsectionstartpage=\count199
\beamer@animationtempa=\count266
\beamer@animationtempb=\count267
\beamer@xpos=\count268
\beamer@ypos=\count269
\beamer@ypos@offset=\count270
\beamer@showpartnumber=\count271
\beamer@currentsubsection=\count272
\beamer@coveringdepth=\count273
\beamer@sectionadjust=\count274
\beamer@toclastsection=\count275
\beamer@tocsectionnumber=\count276

(/home/christian/.TinyTeX/texmf-dist/tex/latex/beamer/beamerbaseoptions.sty
(/home/christian/.TinyTeX/texmf-dist/tex/latex/graphics/keyval.sty
Package: keyval 2014/10/28 v1.15 key=value parser (DPC)
\KV@toks@=\toks16
))
\beamer@paperwidth=\skip48
\beamer@paperheight=\skip49

(/home/christian/.TinyTeX/texmf-dist/tex/latex/geometry/geometry.sty
Package: geometry 2020/01/02 v5.9 Page Geometry

(/home/christian/.TinyTeX/texmf-dist/tex/generic/iftex/ifvtex.sty
Package: ifvtex 2019/10/25 v1.7 ifvtex legacy package. Use iftex instead.
)
\Gm@cnth=\count277
\Gm@cntv=\count278
\c@Gm@tempcnt=\count279
\Gm@bindingoffset=\dimen154
\Gm@wd@mp=\dimen155
\Gm@odd@mp=\dimen156
\Gm@even@mp=\dimen157
\Gm@layoutwidth=\dimen158
\Gm@layoutheight=\dimen159
\Gm@layouthoffset=\dimen160
\Gm@layoutvoffset=\dimen161
\Gm@dimlist=\toks17
)
(/home/christian/.TinyTeX/texmf-dist/tex/latex/pgf/math/pgfmath.sty
(/home/christian/.TinyTeX/texmf-dist/tex/latex/pgf/utilities/pgfrcs.sty
(/home/christian/.TinyTeX/texmf-dist/tex/generic/pgf/utilities/pgfutil-common.t
ex
\pgfutil@everybye=\toks18
\pgfutil@tempdima=\dimen162
\pgfutil@tempdimb=\dimen163

(/home/christian/.TinyTeX/texmf-dist/tex/generic/pgf/utilities/pgfutil-common-l
ists.tex))
(/home/christian/.TinyTeX/texmf-dist/tex/generic/pgf/utilities/pgfutil-latex.de
f
\pgfutil@abb=\box59
)
(/home/christian/.TinyTeX/texmf-dist/tex/generic/pgf/utilities/pgfrcs.code.tex
(/home/christian/.TinyTeX/texmf-dist/tex/generic/pgf/pgf.revision.tex)
Package: pgfrcs 2021/05/15 v3.1.9a (3.1.9a)
))
(/home/christian/.TinyTeX/texmf-dist/tex/latex/pgf/utilities/pgfkeys.sty
(/home/christian/.TinyTeX/texmf-dist/tex/generic/pgf/utilities/pgfkeys.code.tex
\pgfkeys@pathtoks=\toks19
\pgfkeys@temptoks=\toks20

(/home/christian/.TinyTeX/texmf-dist/tex/generic/pgf/utilities/pgfkeysfiltered.
code.tex
\pgfkeys@tmptoks=\toks21
)))
(/home/christian/.TinyTeX/texmf-dist/tex/generic/pgf/math/pgfmath.code.tex
(/home/christian/.TinyTeX/texmf-dist/tex/generic/pgf/math/pgfmathcalc.code.tex
(/home/christian/.TinyTeX/texmf-dist/tex/generic/pgf/math/pgfmathutil.code.tex
\pgf@x=\dimen164
\pgf@xa=\dimen165
\pgf@xb=\dimen166
\pgf@xc=\dimen167
\pgf@y=\dimen168
\pgf@ya=\dimen169
\pgf@yb=\dimen170
\pgf@yc=\dimen171
\c@pgf@counta=\count280
\c@pgf@countb=\count281
\c@pgf@countc=\count282
\c@pgf@countd=\count283
)
(/home/christian/.TinyTeX/texmf-dist/tex/generic/pgf/math/pgfmathparser.code.te
x
\pgfmath@dimen=\dimen172
\pgfmath@count=\count284
\pgfmath@box=\box60
\pgfmath@toks=\toks22
\pgfmath@stack@operand=\toks23
\pgfmath@stack@operation=\toks24
)
(/home/christian/.TinyTeX/texmf-dist/tex/generic/pgf/math/pgfmathfunctions.code
.tex
(/home/christian/.TinyTeX/texmf-dist/tex/generic/pgf/math/pgfmathfunctions.basi
c.code.tex)
(/home/christian/.TinyTeX/texmf-dist/tex/generic/pgf/math/pgfmathfunctions.trig
onometric.code.tex)
(/home/christian/.TinyTeX/texmf-dist/tex/generic/pgf/math/pgfmathfunctions.rand
om.code.tex)
(/home/christian/.TinyTeX/texmf-dist/tex/generic/pgf/math/pgfmathfunctions.comp
arison.code.tex)
(/home/christian/.TinyTeX/texmf-dist/tex/generic/pgf/math/pgfmathfunctions.base
.code.tex)
(/home/christian/.TinyTeX/texmf-dist/tex/generic/pgf/math/pgfmathfunctions.roun
d.code.tex)
(/home/christian/.TinyTeX/texmf-dist/tex/generic/pgf/math/pgfmathfunctions.misc
.code.tex)
(/home/christian/.TinyTeX/texmf-dist/tex/generic/pgf/math/pgfmathfunctions.inte
gerarithmetics.code.tex)))
(/home/christian/.TinyTeX/texmf-dist/tex/generic/pgf/math/pgfmathfloat.code.tex
\c@pgfmathroundto@lastzeros=\count285
))) (/home/christian/.TinyTeX/texmf-dist/tex/latex/base/size11.clo
File: size11.clo 2021/10/04 v1.4n Standard LaTeX file (size option)
)
(/home/christian/.TinyTeX/texmf-dist/tex/latex/pgf/basiclayer/pgfcore.sty
(/home/christian/.TinyTeX/texmf-dist/tex/latex/graphics/graphicx.sty
Package: graphicx 2021/09/16 v1.2d Enhanced LaTeX Graphics (DPC,SPQR)

(/home/christian/.TinyTeX/texmf-dist/tex/latex/graphics/graphics.sty
Package: graphics 2021/03/04 v1.4d Standard LaTeX Graphics (DPC,SPQR)

(/home/christian/.TinyTeX/texmf-dist/tex/latex/graphics/trig.sty
Package: trig 2021/08/11 v1.11 sin cos tan (DPC)
)
(/home/christian/.TinyTeX/texmf-dist/tex/latex/graphics-cfg/graphics.cfg
File: graphics.cfg 2016/06/04 v1.11 sample graphics configuration
)
Package graphics Info: Driver file: pdftex.def on input line 107.

(/home/christian/.TinyTeX/texmf-dist/tex/latex/graphics-def/pdftex.def
File: pdftex.def 2020/10/05 v1.2a Graphics/color driver for pdftex
))
\Gin@req@height=\dimen173
\Gin@req@width=\dimen174
)
(/home/christian/.TinyTeX/texmf-dist/tex/latex/pgf/systemlayer/pgfsys.sty
(/home/christian/.TinyTeX/texmf-dist/tex/generic/pgf/systemlayer/pgfsys.code.te
x
Package: pgfsys 2021/05/15 v3.1.9a (3.1.9a)

(/home/christian/.TinyTeX/texmf-dist/tex/generic/pgf/utilities/pgfkeys.code.tex
)
\pgf@x=\dimen175
\pgf@y=\dimen176
\pgf@xa=\dimen177
\pgf@ya=\dimen178
\pgf@xb=\dimen179
\pgf@yb=\dimen180
\pgf@xc=\dimen181
\pgf@yc=\dimen182
\pgf@xd=\dimen183
\pgf@yd=\dimen184
\w@pgf@writea=\write3
\r@pgf@reada=\read2
\c@pgf@counta=\count286
\c@pgf@countb=\count287
\c@pgf@countc=\count288
\c@pgf@countd=\count289
\t@pgf@toka=\toks25
\t@pgf@tokb=\toks26
\t@pgf@tokc=\toks27
\pgf@sys@id@count=\count290
 (/home/christian/.TinyTeX/texmf-dist/tex/generic/pgf/systemlayer/pgf.cfg
File: pgf.cfg 2021/05/15 v3.1.9a (3.1.9a)
)
Driver file for pgf: pgfsys-pdftex.def

(/home/christian/.TinyTeX/texmf-dist/tex/generic/pgf/systemlayer/pgfsys-pdftex.
def
File: pgfsys-pdftex.def 2021/05/15 v3.1.9a (3.1.9a)

(/home/christian/.TinyTeX/texmf-dist/tex/generic/pgf/systemlayer/pgfsys-common-
pdf.def
File: pgfsys-common-pdf.def 2021/05/15 v3.1.9a (3.1.9a)
)))
(/home/christian/.TinyTeX/texmf-dist/tex/generic/pgf/systemlayer/pgfsyssoftpath
.code.tex
File: pgfsyssoftpath.code.tex 2021/05/15 v3.1.9a (3.1.9a)
\pgfsyssoftpath@smallbuffer@items=\count291
\pgfsyssoftpath@bigbuffer@items=\count292
)
(/home/christian/.TinyTeX/texmf-dist/tex/generic/pgf/systemlayer/pgfsysprotocol
.code.tex
File: pgfsysprotocol.code.tex 2021/05/15 v3.1.9a (3.1.9a)
)) (/home/christian/.TinyTeX/texmf-dist/tex/latex/xcolor/xcolor.sty
Package: xcolor 2021/10/31 v2.13 LaTeX color extensions (UK)

(/home/christian/.TinyTeX/texmf-dist/tex/latex/graphics-cfg/color.cfg
File: color.cfg 2016/01/02 v1.6 sample color configuration
)
Package xcolor Info: Driver file: pdftex.def on input line 227.
Package xcolor Info: Model `cmy' substituted by `cmy0' on input line 1352.
Package xcolor Info: Model `hsb' substituted by `rgb' on input line 1356.
Package xcolor Info: Model `RGB' extended on input line 1368.
Package xcolor Info: Model `HTML' substituted by `rgb' on input line 1370.
Package xcolor Info: Model `Hsb' substituted by `hsb' on input line 1371.
Package xcolor Info: Model `tHsb' substituted by `hsb' on input line 1372.
Package xcolor Info: Model `HSB' substituted by `hsb' on input line 1373.
Package xcolor Info: Model `Gray' substituted by `gray' on input line 1374.
Package xcolor Info: Model `wave' substituted by `hsb' on input line 1375.
)
(/home/christian/.TinyTeX/texmf-dist/tex/generic/pgf/basiclayer/pgfcore.code.te
x
Package: pgfcore 2021/05/15 v3.1.9a (3.1.9a)
 (/home/christian/.TinyTeX/texmf-dist/tex/generic/pgf/math/pgfmath.code.tex)
(/home/christian/.TinyTeX/texmf-dist/tex/generic/pgf/math/pgfint.code.tex)
(/home/christian/.TinyTeX/texmf-dist/tex/generic/pgf/basiclayer/pgfcorepoints.c
ode.tex
File: pgfcorepoints.code.tex 2021/05/15 v3.1.9a (3.1.9a)
\pgf@picminx=\dimen185
\pgf@picmaxx=\dimen186
\pgf@picminy=\dimen187
\pgf@picmaxy=\dimen188
\pgf@pathminx=\dimen189
\pgf@pathmaxx=\dimen190
\pgf@pathminy=\dimen191
\pgf@pathmaxy=\dimen192
\pgf@xx=\dimen193
\pgf@xy=\dimen194
\pgf@yx=\dimen195
\pgf@yy=\dimen196
\pgf@zx=\dimen197
\pgf@zy=\dimen198
)
(/home/christian/.TinyTeX/texmf-dist/tex/generic/pgf/basiclayer/pgfcorepathcons
truct.code.tex
File: pgfcorepathconstruct.code.tex 2021/05/15 v3.1.9a (3.1.9a)
\pgf@path@lastx=\dimen199
\pgf@path@lasty=\dimen256
)
(/home/christian/.TinyTeX/texmf-dist/tex/generic/pgf/basiclayer/pgfcorepathusag
e.code.tex
File: pgfcorepathusage.code.tex 2021/05/15 v3.1.9a (3.1.9a)
\pgf@shorten@end@additional=\dimen257
\pgf@shorten@start@additional=\dimen258
)
(/home/christian/.TinyTeX/texmf-dist/tex/generic/pgf/basiclayer/pgfcorescopes.c
ode.tex
File: pgfcorescopes.code.tex 2021/05/15 v3.1.9a (3.1.9a)
\pgfpic=\box61
\pgf@hbox=\box62
\pgf@layerbox@main=\box63
\pgf@picture@serial@count=\count293
)
(/home/christian/.TinyTeX/texmf-dist/tex/generic/pgf/basiclayer/pgfcoregraphics
tate.code.tex
File: pgfcoregraphicstate.code.tex 2021/05/15 v3.1.9a (3.1.9a)
\pgflinewidth=\dimen259
)
(/home/christian/.TinyTeX/texmf-dist/tex/generic/pgf/basiclayer/pgfcoretransfor
mations.code.tex
File: pgfcoretransformations.code.tex 2021/05/15 v3.1.9a (3.1.9a)
\pgf@pt@x=\dimen260
\pgf@pt@y=\dimen261
\pgf@pt@temp=\dimen262
)
(/home/christian/.TinyTeX/texmf-dist/tex/generic/pgf/basiclayer/pgfcorequick.co
de.tex
File: pgfcorequick.code.tex 2021/05/15 v3.1.9a (3.1.9a)
)
(/home/christian/.TinyTeX/texmf-dist/tex/generic/pgf/basiclayer/pgfcoreobjects.
code.tex
File: pgfcoreobjects.code.tex 2021/05/15 v3.1.9a (3.1.9a)
)
(/home/christian/.TinyTeX/texmf-dist/tex/generic/pgf/basiclayer/pgfcorepathproc
essing.code.tex
File: pgfcorepathprocessing.code.tex 2021/05/15 v3.1.9a (3.1.9a)
)
(/home/christian/.TinyTeX/texmf-dist/tex/generic/pgf/basiclayer/pgfcorearrows.c
ode.tex
File: pgfcorearrows.code.tex 2021/05/15 v3.1.9a (3.1.9a)
\pgfarrowsep=\dimen263
)
(/home/christian/.TinyTeX/texmf-dist/tex/generic/pgf/basiclayer/pgfcoreshade.co
de.tex
File: pgfcoreshade.code.tex 2021/05/15 v3.1.9a (3.1.9a)
\pgf@max=\dimen264
\pgf@sys@shading@range@num=\count294
\pgf@shadingcount=\count295
)
(/home/christian/.TinyTeX/texmf-dist/tex/generic/pgf/basiclayer/pgfcoreimage.co
de.tex
File: pgfcoreimage.code.tex 2021/05/15 v3.1.9a (3.1.9a)

(/home/christian/.TinyTeX/texmf-dist/tex/generic/pgf/basiclayer/pgfcoreexternal
.code.tex
File: pgfcoreexternal.code.tex 2021/05/15 v3.1.9a (3.1.9a)
\pgfexternal@startupbox=\box64
))
(/home/christian/.TinyTeX/texmf-dist/tex/generic/pgf/basiclayer/pgfcorelayers.c
ode.tex
File: pgfcorelayers.code.tex 2021/05/15 v3.1.9a (3.1.9a)
)
(/home/christian/.TinyTeX/texmf-dist/tex/generic/pgf/basiclayer/pgfcoretranspar
ency.code.tex
File: pgfcoretransparency.code.tex 2021/05/15 v3.1.9a (3.1.9a)
)
(/home/christian/.TinyTeX/texmf-dist/tex/generic/pgf/basiclayer/pgfcorepatterns
.code.tex
File: pgfcorepatterns.code.tex 2021/05/15 v3.1.9a (3.1.9a)
)
(/home/christian/.TinyTeX/texmf-dist/tex/generic/pgf/basiclayer/pgfcorerdf.code
.tex
File: pgfcorerdf.code.tex 2021/05/15 v3.1.9a (3.1.9a)
)))
(/home/christian/.TinyTeX/texmf-dist/tex/latex/pgf/utilities/xxcolor.sty
Package: xxcolor 2003/10/24 ver 0.1
\XC@nummixins=\count296
\XC@countmixins=\count297
)
(/home/christian/.TinyTeX/texmf-dist/tex/latex/base/atbegshi-ltx.sty
Package: atbegshi-ltx 2021/01/10 v1.0c Emulation of the original atbegshi
package with kernel methods
)
(/home/christian/.TinyTeX/texmf-dist/tex/latex/hyperref/hyperref.sty
Package: hyperref 2022-02-21 v7.00n Hypertext links for LaTeX

(/home/christian/.TinyTeX/texmf-dist/tex/generic/ltxcmds/ltxcmds.sty
Package: ltxcmds 2020-05-10 v1.25 LaTeX kernel commands for general use (HO)
)
(/home/christian/.TinyTeX/texmf-dist/tex/generic/pdftexcmds/pdftexcmds.sty
Package: pdftexcmds 2020-06-27 v0.33 Utility functions of pdfTeX for LuaTeX (HO
)

(/home/christian/.TinyTeX/texmf-dist/tex/generic/infwarerr/infwarerr.sty
Package: infwarerr 2019/12/03 v1.5 Providing info/warning/error messages (HO)
)
Package pdftexcmds Info: \pdf@primitive is available.
Package pdftexcmds Info: \pdf@ifprimitive is available.
Package pdftexcmds Info: \pdfdraftmode found.
)
(/home/christian/.TinyTeX/texmf-dist/tex/generic/kvsetkeys/kvsetkeys.sty
Package: kvsetkeys 2019/12/15 v1.18 Key value parser (HO)
)
(/home/christian/.TinyTeX/texmf-dist/tex/generic/kvdefinekeys/kvdefinekeys.sty
Package: kvdefinekeys 2019-12-19 v1.6 Define keys (HO)
) (/home/christian/.TinyTeX/texmf-dist/tex/generic/pdfescape/pdfescape.sty
Package: pdfescape 2019/12/09 v1.15 Implements pdfTeX's escape features (HO)
)
(/home/christian/.TinyTeX/texmf-dist/tex/latex/hycolor/hycolor.sty
Package: hycolor 2020-01-27 v1.10 Color options for hyperref/bookmark (HO)
)
(/home/christian/.TinyTeX/texmf-dist/tex/latex/letltxmacro/letltxmacro.sty
Package: letltxmacro 2019/12/03 v1.6 Let assignment for LaTeX macros (HO)
)
(/home/christian/.TinyTeX/texmf-dist/tex/latex/auxhook/auxhook.sty
Package: auxhook 2019-12-17 v1.6 Hooks for auxiliary files (HO)
)
(/home/christian/.TinyTeX/texmf-dist/tex/latex/kvoptions/kvoptions.sty
Package: kvoptions 2020-10-07 v3.14 Key value format for package options (HO)
)
\@linkdim=\dimen265
\Hy@linkcounter=\count298
\Hy@pagecounter=\count299

(/home/christian/.TinyTeX/texmf-dist/tex/latex/hyperref/pd1enc.def
File: pd1enc.def 2022-02-21 v7.00n Hyperref: PDFDocEncoding definition (HO)
Now handling font encoding PD1 ...
... no UTF-8 mapping file for font encoding PD1
)
(/home/christian/.TinyTeX/texmf-dist/tex/generic/intcalc/intcalc.sty
Package: intcalc 2019/12/15 v1.3 Expandable calculations with integers (HO)
)
(/home/christian/.TinyTeX/texmf-dist/tex/generic/etexcmds/etexcmds.sty
Package: etexcmds 2019/12/15 v1.7 Avoid name clashes with e-TeX commands (HO)
)
\Hy@SavedSpaceFactor=\count300

(/home/christian/.TinyTeX/texmf-dist/tex/latex/hyperref/puenc.def
File: puenc.def 2022-02-21 v7.00n Hyperref: PDF Unicode definition (HO)
Now handling font encoding PU ...
... no UTF-8 mapping file for font encoding PU
)
Package hyperref Info: Option `unicode' set `true' on input line 4018.
Package hyperref Info: Option `bookmarks' set `true' on input line 4018.
Package hyperref Info: Option `bookmarksopen' set `true' on input line 4018.
Package hyperref Info: Option `implicit' set `false' on input line 4018.
Package hyperref Info: Hyper figures OFF on input line 4137.
Package hyperref Info: Link nesting OFF on input line 4142.
Package hyperref Info: Hyper index ON on input line 4145.
Package hyperref Info: Plain pages OFF on input line 4152.
Package hyperref Info: Backreferencing OFF on input line 4157.
Package hyperref Info: Implicit mode OFF; no redefinition of LaTeX internals.
Package hyperref Info: Bookmarks ON on input line 4390.
\c@Hy@tempcnt=\count301

(/home/christian/.TinyTeX/texmf-dist/tex/latex/url/url.sty
\Urlmuskip=\muskip16
Package: url 2013/09/16  ver 3.4  Verb mode for urls, etc.
)
LaTeX Info: Redefining \url on input line 4749.
\XeTeXLinkMargin=\dimen266

(/home/christian/.TinyTeX/texmf-dist/tex/generic/bitset/bitset.sty
Package: bitset 2019/12/09 v1.3 Handle bit-vector datatype (HO)

(/home/christian/.TinyTeX/texmf-dist/tex/generic/bigintcalc/bigintcalc.sty
Package: bigintcalc 2019/12/15 v1.5 Expandable calculations on big integers (HO
)
))
\Fld@menulength=\count302
\Field@Width=\dimen267
\Fld@charsize=\dimen268
Package hyperref Info: Hyper figures OFF on input line 6027.
Package hyperref Info: Link nesting OFF on input line 6032.
Package hyperref Info: Hyper index ON on input line 6035.
Package hyperref Info: backreferencing OFF on input line 6042.
Package hyperref Info: Link coloring OFF on input line 6047.
Package hyperref Info: Link coloring with OCG OFF on input line 6052.
Package hyperref Info: PDF/A mode OFF on input line 6057.
LaTeX Info: Redefining \ref on input line 6097.
LaTeX Info: Redefining \pageref on input line 6101.
\Hy@abspage=\count303


Package hyperref Message: Stopped early.

)
Package hyperref Info: Driver (autodetected): hpdftex.
 (/home/christian/.TinyTeX/texmf-dist/tex/latex/hyperref/hpdftex.def
File: hpdftex.def 2022-02-21 v7.00n Hyperref driver for pdfTeX

(/home/christian/.TinyTeX/texmf-dist/tex/latex/base/atveryend-ltx.sty
Package: atveryend-ltx 2020/08/19 v1.0a Emulation of the original atveryend pac
kage
with kernel methods
)
\Fld@listcount=\count304
\c@bookmark@seq@number=\count305

(/home/christian/.TinyTeX/texmf-dist/tex/latex/rerunfilecheck/rerunfilecheck.st
y
Package: rerunfilecheck 2019/12/05 v1.9 Rerun checks for auxiliary files (HO)

(/home/christian/.TinyTeX/texmf-dist/tex/generic/uniquecounter/uniquecounter.st
y
Package: uniquecounter 2019/12/15 v1.4 Provide unlimited unique counter (HO)
)
Package uniquecounter Info: New unique counter `rerunfilecheck' on input line 2
86.
))
(/home/christian/.TinyTeX/texmf-dist/tex/latex/beamer/beamerbaserequires.sty
(/home/christian/.TinyTeX/texmf-dist/tex/latex/beamer/beamerbasecompatibility.s
ty) (/home/christian/.TinyTeX/texmf-dist/tex/latex/beamer/beamerbasefont.sty
(/home/christian/.TinyTeX/texmf-dist/tex/latex/amsfonts/amssymb.sty
Package: amssymb 2013/01/14 v3.01 AMS font symbols

(/home/christian/.TinyTeX/texmf-dist/tex/latex/amsfonts/amsfonts.sty
Package: amsfonts 2013/01/14 v3.01 Basic AMSFonts support
\@emptytoks=\toks28
\symAMSa=\mathgroup4
\symAMSb=\mathgroup5
LaTeX Font Info:    Redeclaring math symbol \hbar on input line 98.
LaTeX Font Info:    Overwriting math alphabet `\mathfrak' in version `bold'
(Font)                  U/euf/m/n --> U/euf/b/n on input line 106.
)))
(/home/christian/.TinyTeX/texmf-dist/tex/latex/beamer/beamerbasetranslator.sty
(/home/christian/.TinyTeX/texmf-dist/tex/latex/translator/translator.sty
Package: translator 2021-05-31 v1.12d Easy translation of strings in LaTeX
))
(/home/christian/.TinyTeX/texmf-dist/tex/latex/beamer/beamerbasemisc.sty)
(/home/christian/.TinyTeX/texmf-dist/tex/latex/beamer/beamerbasetwoscreens.sty)
(/home/christian/.TinyTeX/texmf-dist/tex/latex/beamer/beamerbaseoverlay.sty
\beamer@argscount=\count306
\beamer@lastskipcover=\skip50
\beamer@trivlistdepth=\count307
)
(/home/christian/.TinyTeX/texmf-dist/tex/latex/beamer/beamerbasetitle.sty)
(/home/christian/.TinyTeX/texmf-dist/tex/latex/beamer/beamerbasesection.sty
\c@lecture=\count308
\c@part=\count309
\c@section=\count310
\c@subsection=\count311
\c@subsubsection=\count312
)
(/home/christian/.TinyTeX/texmf-dist/tex/latex/beamer/beamerbaseframe.sty
\beamer@framebox=\box65
\beamer@frametitlebox=\box66
\beamer@zoombox=\box67
\beamer@zoomcount=\count313
\beamer@zoomframecount=\count314
\beamer@frametextheight=\dimen269
\c@subsectionslide=\count315
\beamer@frametopskip=\skip51
\beamer@framebottomskip=\skip52
\beamer@frametopskipautobreak=\skip53
\beamer@framebottomskipautobreak=\skip54
\beamer@envbody=\toks29
\framewidth=\dimen270
\c@framenumber=\count316
)
(/home/christian/.TinyTeX/texmf-dist/tex/latex/beamer/beamerbaseverbatim.sty
\beamer@verbatimfileout=\write4
)
(/home/christian/.TinyTeX/texmf-dist/tex/latex/beamer/beamerbaseframesize.sty
\beamer@splitbox=\box68
\beamer@autobreakcount=\count317
\beamer@autobreaklastheight=\dimen271
\beamer@frametitletoks=\toks30
\beamer@framesubtitletoks=\toks31
)
(/home/christian/.TinyTeX/texmf-dist/tex/latex/beamer/beamerbaseframecomponents
.sty
\beamer@footins=\box69
) (/home/christian/.TinyTeX/texmf-dist/tex/latex/beamer/beamerbasecolor.sty) (/
home/christian/.TinyTeX/texmf-dist/tex/latex/beamer/beamerbasenotes.sty
\beamer@frameboxcopy=\box70
)
(/home/christian/.TinyTeX/texmf-dist/tex/latex/beamer/beamerbasetoc.sty)
(/home/christian/.TinyTeX/texmf-dist/tex/latex/beamer/beamerbasetemplates.sty
\beamer@sbttoks=\toks32

(/home/christian/.TinyTeX/texmf-dist/tex/latex/beamer/beamerbaseauxtemplates.st
y (/home/christian/.TinyTeX/texmf-dist/tex/latex/beamer/beamerbaseboxes.sty
\bmb@box=\box71
\bmb@colorbox=\box72
\bmb@boxwidth=\dimen272
\bmb@boxheight=\dimen273
\bmb@prevheight=\dimen274
\bmb@temp=\dimen275
\bmb@dima=\dimen276
\bmb@dimb=\dimen277
\bmb@prevheight=\dimen278
)
\beamer@blockheadheight=\dimen279
))
(/home/christian/.TinyTeX/texmf-dist/tex/latex/beamer/beamerbaselocalstructure.
sty (/home/christian/.TinyTeX/texmf-dist/tex/latex/tools/enumerate.sty
Package: enumerate 2015/07/23 v3.00 enumerate extensions (DPC)
\@enLab=\toks33
)
\beamer@bibiconwidth=\skip55
\c@figure=\count318
\c@table=\count319
\abovecaptionskip=\skip56
\belowcaptionskip=\skip57
)
(/home/christian/.TinyTeX/texmf-dist/tex/latex/beamer/beamerbasenavigation.sty
\beamer@section@min@dim=\dimen280
) (/home/christian/.TinyTeX/texmf-dist/tex/latex/beamer/beamerbasetheorems.sty
(/home/christian/.TinyTeX/texmf-dist/tex/latex/amsmath/amsmath.sty
Package: amsmath 2021/10/15 v2.17l AMS math features
\@mathmargin=\skip58

For additional information on amsmath, use the `?' option.
(/home/christian/.TinyTeX/texmf-dist/tex/latex/amsmath/amstext.sty
Package: amstext 2021/08/26 v2.01 AMS text

(/home/christian/.TinyTeX/texmf-dist/tex/latex/amsmath/amsgen.sty
File: amsgen.sty 1999/11/30 v2.0 generic functions
\@emptytoks=\toks34
\ex@=\dimen281
))
(/home/christian/.TinyTeX/texmf-dist/tex/latex/amsmath/amsbsy.sty
Package: amsbsy 1999/11/29 v1.2d Bold Symbols
\pmbraise@=\dimen282
)
(/home/christian/.TinyTeX/texmf-dist/tex/latex/amsmath/amsopn.sty
Package: amsopn 2021/08/26 v2.02 operator names
)
\inf@bad=\count320
LaTeX Info: Redefining \frac on input line 234.
\uproot@=\count321
\leftroot@=\count322
LaTeX Info: Redefining \overline on input line 399.
\classnum@=\count323
\DOTSCASE@=\count324
LaTeX Info: Redefining \ldots on input line 496.
LaTeX Info: Redefining \dots on input line 499.
LaTeX Info: Redefining \cdots on input line 620.
\Mathstrutbox@=\box73
\strutbox@=\box74
\big@size=\dimen283
LaTeX Font Info:    Redeclaring font encoding OML on input line 743.
LaTeX Font Info:    Redeclaring font encoding OMS on input line 744.
\macc@depth=\count325
\c@MaxMatrixCols=\count326
\dotsspace@=\muskip17
\c@parentequation=\count327
\dspbrk@lvl=\count328
\tag@help=\toks35
\row@=\count329
\column@=\count330
\maxfields@=\count331
\andhelp@=\toks36
\eqnshift@=\dimen284
\alignsep@=\dimen285
\tagshift@=\dimen286
\tagwidth@=\dimen287
\totwidth@=\dimen288
\lineht@=\dimen289
\@envbody=\toks37
\multlinegap=\skip59
\multlinetaggap=\skip60
\mathdisplay@stack=\toks38
LaTeX Info: Redefining \[ on input line 2938.
LaTeX Info: Redefining \] on input line 2939.
)
(/home/christian/.TinyTeX/texmf-dist/tex/latex/amscls/amsthm.sty
Package: amsthm 2020/05/29 v2.20.6
\thm@style=\toks39
\thm@bodyfont=\toks40
\thm@headfont=\toks41
\thm@notefont=\toks42
\thm@headpunct=\toks43
\thm@preskip=\skip61
\thm@postskip=\skip62
\thm@headsep=\skip63
\dth@everypar=\toks44
)
\c@theorem=\count332
)
(/home/christian/.TinyTeX/texmf-dist/tex/latex/beamer/beamerbasethemes.sty))
(/home/christian/.TinyTeX/texmf-dist/tex/latex/beamer/beamerthemedefault.sty
(/home/christian/.TinyTeX/texmf-dist/tex/latex/beamer/beamerfontthemedefault.st
y)
(/home/christian/.TinyTeX/texmf-dist/tex/latex/beamer/beamercolorthemedefault.s
ty)
(/home/christian/.TinyTeX/texmf-dist/tex/latex/beamer/beamerinnerthemedefault.s
ty
\beamer@dima=\dimen290
\beamer@dimb=\dimen291
)
(/home/christian/.TinyTeX/texmf-dist/tex/latex/beamer/beamerouterthemedefault.s
ty))) (/home/christian/.TinyTeX/texmf-dist/tex/latex/pgf/utilities/pgfpages.sty
Package: pgfpages 2011/01/05 ver 0.02
(/home/christian/.TinyTeX/texmf-dist/tex/latex/tools/calc.sty
Package: calc 2017/05/25 v4.3 Infix arithmetic (KKT,FJ)
\calc@Acount=\count333
\calc@Bcount=\count334
\calc@Adimen=\dimen292
\calc@Bdimen=\dimen293
\calc@Askip=\skip64
\calc@Bskip=\skip65
LaTeX Info: Redefining \setlength on input line 80.
LaTeX Info: Redefining \addtolength on input line 81.
\calc@Ccount=\count335
\calc@Cskip=\skip66
)
\pgf@logicalpages=\count336
\pgf@firstshipout=\count337
\pgf@lastshipout=\count338
\pgf@currentshipout=\count339
\pgf@cpn=\count340
\pgf@shipoutnextto=\count341
\pgfphysicalheight=\dimen294
\pgfphysicalwidth=\dimen295
\pgfpages@shipoutbox=\box75
)
(/home/christian/.TinyTeX/texmf-dist/tex/latex/lm/lmodern.sty
Package: lmodern 2015/05/01 v1.6.1 Latin Modern Fonts
LaTeX Font Info:    Overwriting symbol font `operators' in version `normal'
(Font)                  OT1/cmr/m/n --> OT1/lmr/m/n on input line 22.
LaTeX Font Info:    Overwriting symbol font `letters' in version `normal'
(Font)                  OML/cmm/m/it --> OML/lmm/m/it on input line 23.
LaTeX Font Info:    Overwriting symbol font `symbols' in version `normal'
(Font)                  OMS/cmsy/m/n --> OMS/lmsy/m/n on input line 24.
LaTeX Font Info:    Overwriting symbol font `largesymbols' in version `normal'
(Font)                  OMX/cmex/m/n --> OMX/lmex/m/n on input line 25.
LaTeX Font Info:    Overwriting symbol font `operators' in version `bold'
(Font)                  OT1/cmr/bx/n --> OT1/lmr/bx/n on input line 26.
LaTeX Font Info:    Overwriting symbol font `letters' in version `bold'
(Font)                  OML/cmm/b/it --> OML/lmm/b/it on input line 27.
LaTeX Font Info:    Overwriting symbol font `symbols' in version `bold'
(Font)                  OMS/cmsy/b/n --> OMS/lmsy/b/n on input line 28.
LaTeX Font Info:    Overwriting symbol font `largesymbols' in version `bold'
(Font)                  OMX/cmex/m/n --> OMX/lmex/m/n on input line 29.
LaTeX Font Info:    Overwriting math alphabet `\mathbf' in version `normal'
(Font)                  OT1/cmr/bx/n --> OT1/lmr/bx/n on input line 31.
LaTeX Font Info:    Overwriting math alphabet `\mathsf' in version `normal'
(Font)                  OT1/cmss/m/n --> OT1/lmss/m/n on input line 32.
LaTeX Font Info:    Overwriting math alphabet `\mathit' in version `normal'
(Font)                  OT1/cmr/m/it --> OT1/lmr/m/it on input line 33.
LaTeX Font Info:    Overwriting math alphabet `\mathtt' in version `normal'
(Font)                  OT1/cmtt/m/n --> OT1/lmtt/m/n on input line 34.
LaTeX Font Info:    Overwriting math alphabet `\mathbf' in version `bold'
(Font)                  OT1/cmr/bx/n --> OT1/lmr/bx/n on input line 35.
LaTeX Font Info:    Overwriting math alphabet `\mathsf' in version `bold'
(Font)                  OT1/cmss/bx/n --> OT1/lmss/bx/n on input line 36.
LaTeX Font Info:    Overwriting math alphabet `\mathit' in version `bold'
(Font)                  OT1/cmr/bx/it --> OT1/lmr/bx/it on input line 37.
LaTeX Font Info:    Overwriting math alphabet `\mathtt' in version `bold'
(Font)                  OT1/cmtt/m/n --> OT1/lmtt/m/n on input line 38.
)
(/home/christian/.TinyTeX/texmf-dist/tex/generic/iftex/ifxetex.sty
Package: ifxetex 2019/10/25 v0.7 ifxetex legacy package. Use iftex instead.
)
(/home/christian/.TinyTeX/texmf-dist/tex/generic/iftex/ifluatex.sty
Package: ifluatex 2019/10/25 v1.5 ifluatex legacy package. Use iftex instead.
)
(/home/christian/.TinyTeX/texmf-dist/tex/latex/base/fontenc.sty
Package: fontenc 2021/04/29 v2.0v Standard LaTeX package
LaTeX Font Info:    Trying to load font information for T1+lmss on input line 1
12.

(/home/christian/.TinyTeX/texmf-dist/tex/latex/lm/t1lmss.fd
File: t1lmss.fd 2015/05/01 v1.6.1 Font defs for Latin Modern
))
(/home/christian/.TinyTeX/texmf-dist/tex/latex/base/inputenc.sty
Package: inputenc 2021/02/14 v1.3d Input encoding file
\inpenc@prehook=\toks45
\inpenc@posthook=\toks46
)
(/home/christian/.TinyTeX/texmf-dist/tex/latex/base/textcomp.sty
Package: textcomp 2020/02/02 v2.0n Standard LaTeX package
)
(/home/christian/.TinyTeX/texmf-dist/tex/latex/beamer/beamerthemeAntibes.sty
(/home/christian/.TinyTeX/texmf-dist/tex/latex/beamer/beamerouterthemetree.sty)

(/home/christian/.TinyTeX/texmf-dist/tex/latex/beamer/beamercolorthemewhale.sty
)
(/home/christian/.TinyTeX/texmf-dist/tex/latex/beamer/beamercolorthemeorchid.st
y)
(/home/christian/.TinyTeX/texmf-dist/tex/latex/beamer/beamerinnerthemerectangle
s.sty))
(/home/christian/.TinyTeX/texmf-dist/tex/latex/beamer/beamerfontthemestructureb
old.sty) (/home/christian/.TinyTeX/texmf-dist/tex/latex/fancyvrb/fancyvrb.sty
Package: fancyvrb 2021/12/21 4.1b verbatim text (tvz,hv)
\FV@CodeLineNo=\count342
\FV@InFile=\read3
\FV@TabBox=\box76
\c@FancyVerbLine=\count343
\FV@StepNumber=\count344
\FV@OutFile=\write5
)
(/home/christian/.TinyTeX/texmf-dist/tex/latex/framed/framed.sty
Package: framed 2011/10/22 v 0.96: framed or shaded text with page breaks
\OuterFrameSep=\skip67
\fb@frw=\dimen296
\fb@frh=\dimen297
\FrameRule=\dimen298
\FrameSep=\dimen299
)
\cslhangindent=\skip68
\csllabelwidth=\skip69

(/home/christian/.TinyTeX/texmf-dist/tex/latex/l3backend/l3backend-pdftex.def
File: l3backend-pdftex.def 2022-02-07 L3 backend support: PDF output (pdfTeX)
\l__color_backend_stack_int=\count345
\l__pdf_internal_box=\box77
)
(./2022_MIDB_AdjHE.aux)
\openout1 = `2022_MIDB_AdjHE.aux'.

LaTeX Font Info:    Checking defaults for OML/cmm/m/it on input line 201.
LaTeX Font Info:    ... okay on input line 201.
LaTeX Font Info:    Checking defaults for OMS/cmsy/m/n on input line 201.
LaTeX Font Info:    ... okay on input line 201.
LaTeX Font Info:    Checking defaults for OT1/cmr/m/n on input line 201.
LaTeX Font Info:    ... okay on input line 201.
LaTeX Font Info:    Checking defaults for T1/cmr/m/n on input line 201.
LaTeX Font Info:    ... okay on input line 201.
LaTeX Font Info:    Checking defaults for TS1/cmr/m/n on input line 201.
LaTeX Font Info:    ... okay on input line 201.
LaTeX Font Info:    Checking defaults for OMX/cmex/m/n on input line 201.
LaTeX Font Info:    ... okay on input line 201.
LaTeX Font Info:    Checking defaults for U/cmr/m/n on input line 201.
LaTeX Font Info:    ... okay on input line 201.
LaTeX Font Info:    Checking defaults for PD1/pdf/m/n on input line 201.
LaTeX Font Info:    ... okay on input line 201.
LaTeX Font Info:    Checking defaults for PU/pdf/m/n on input line 201.
LaTeX Font Info:    ... okay on input line 201.

*geometry* driver: auto-detecting
*geometry* detected driver: pdftex
*geometry* verbose mode - [ preamble ] result:
* driver: pdftex
* paper: custom
* layout: <same size as paper>
* layoutoffset:(h,v)=(0.0pt,0.0pt)
* modes: includehead includefoot 
* h-part:(L,W,R)=(28.45274pt, 307.28987pt, 28.45274pt)
* v-part:(T,H,B)=(0.0pt, 273.14662pt, 0.0pt)
* \paperwidth=364.19536pt
* \paperheight=273.14662pt
* \textwidth=307.28987pt
* \textheight=244.6939pt
* \oddsidemargin=-43.81725pt
* \evensidemargin=-43.81725pt
* \topmargin=-72.26999pt
* \headheight=14.22636pt
* \headsep=0.0pt
* \topskip=11.0pt
* \footskip=14.22636pt
* \marginparwidth=4.0pt
* \marginparsep=10.0pt
* \columnsep=10.0pt
* \skip\footins=10.0pt plus 4.0pt minus 2.0pt
* \hoffset=0.0pt
* \voffset=0.0pt
* \mag=1000
* \@twocolumnfalse
* \@twosidefalse
* \@mparswitchfalse
* \@reversemarginfalse
* (1in=72.27pt=25.4mm, 1cm=28.453pt)

(/home/christian/.TinyTeX/texmf-dist/tex/latex/epstopdf-pkg/epstopdf-base.sty
Package: epstopdf-base 2020-01-24 v2.11 Base part for package epstopdf
Package epstopdf-base Info: Redefining graphics rule for `.eps' on input line 4
85.

(/home/christian/.TinyTeX/texmf-dist/tex/latex/latexconfig/epstopdf-sys.cfg
File: epstopdf-sys.cfg 2010/07/13 v1.3 Configuration of (r)epstopdf for TeX Liv
e
))
Package hyperref Info: Link coloring OFF on input line 201.

(/home/christian/.TinyTeX/texmf-dist/tex/latex/hyperref/nameref.sty
Package: nameref 2021-04-02 v2.47 Cross-referencing by name of section

(/home/christian/.TinyTeX/texmf-dist/tex/latex/refcount/refcount.sty
Package: refcount 2019/12/15 v3.6 Data extraction from label references (HO)
)
(/home/christian/.TinyTeX/texmf-dist/tex/generic/gettitlestring/gettitlestring.
sty
Package: gettitlestring 2019/12/15 v1.6 Cleanup title references (HO)
)
\c@section@level=\count346
)
LaTeX Info: Redefining \ref on input line 201.
LaTeX Info: Redefining \pageref on input line 201.
LaTeX Info: Redefining \nameref on input line 201.
 (./2022_MIDB_AdjHE.out) (./2022_MIDB_AdjHE.out)
\@outlinefile=\write6
\openout6 = `2022_MIDB_AdjHE.out'.

LaTeX Font Info:    Overwriting symbol font `operators' in version `normal'
(Font)                  OT1/lmr/m/n --> OT1/cmss/m/n on input line 201.
LaTeX Font Info:    Overwriting symbol font `operators' in version `bold'
(Font)                  OT1/lmr/bx/n --> OT1/cmss/b/n on input line 201.
LaTeX Font Info:    Overwriting symbol font `operators' in version `normal'
(Font)                  OT1/cmss/m/n --> OT1/lmss/m/n on input line 201.
LaTeX Font Info:    Overwriting symbol font `operators' in version `bold'
(Font)                  OT1/cmss/b/n --> OT1/lmss/b/n on input line 201.
\symnumbers=\mathgroup6
\sympureletters=\mathgroup7
LaTeX Font Info:    Overwriting math alphabet `\mathrm' in version `normal'
(Font)                  OT1/lmss/m/n --> T1/lmr/m/n on input line 201.
LaTeX Font Info:    Redeclaring math alphabet \mathbf on input line 201.
LaTeX Font Info:    Overwriting math alphabet `\mathbf' in version `normal'
(Font)                  OT1/lmr/bx/n --> T1/lmss/b/n on input line 201.
LaTeX Font Info:    Overwriting math alphabet `\mathbf' in version `bold'
(Font)                  OT1/lmr/bx/n --> T1/lmss/b/n on input line 201.
LaTeX Font Info:    Redeclaring math alphabet \mathsf on input line 201.
LaTeX Font Info:    Overwriting math alphabet `\mathsf' in version `normal'
(Font)                  OT1/lmss/m/n --> T1/lmss/m/n on input line 201.
LaTeX Font Info:    Overwriting math alphabet `\mathsf' in version `bold'
(Font)                  OT1/lmss/bx/n --> T1/lmss/m/n on input line 201.
LaTeX Font Info:    Redeclaring math alphabet \mathit on input line 201.
LaTeX Font Info:    Overwriting math alphabet `\mathit' in version `normal'
(Font)                  OT1/lmr/m/it --> T1/lmss/m/it on input line 201.
LaTeX Font Info:    Overwriting math alphabet `\mathit' in version `bold'
(Font)                  OT1/lmr/bx/it --> T1/lmss/m/it on input line 201.
LaTeX Font Info:    Redeclaring math alphabet \mathtt on input line 201.
LaTeX Font Info:    Overwriting math alphabet `\mathtt' in version `normal'
(Font)                  OT1/lmtt/m/n --> T1/lmtt/m/n on input line 201.
LaTeX Font Info:    Overwriting math alphabet `\mathtt' in version `bold'
(Font)                  OT1/lmtt/m/n --> T1/lmtt/m/n on input line 201.
LaTeX Font Info:    Overwriting symbol font `numbers' in version `bold'
(Font)                  T1/lmss/m/n --> T1/lmss/b/n on input line 201.
LaTeX Font Info:    Overwriting symbol font `pureletters' in version `bold'
(Font)                  T1/lmss/m/it --> T1/lmss/b/it on input line 201.
LaTeX Font Info:    Overwriting math alphabet `\mathrm' in version `bold'
(Font)                  OT1/lmss/b/n --> T1/lmr/b/n on input line 201.
LaTeX Font Info:    Overwriting math alphabet `\mathbf' in version `bold'
(Font)                  T1/lmss/b/n --> T1/lmss/b/n on input line 201.
LaTeX Font Info:    Overwriting math alphabet `\mathsf' in version `bold'
(Font)                  T1/lmss/m/n --> T1/lmss/b/n on input line 201.
LaTeX Font Info:    Overwriting math alphabet `\mathit' in version `bold'
(Font)                  T1/lmss/m/it --> T1/lmss/b/it on input line 201.
LaTeX Font Info:    Overwriting math alphabet `\mathtt' in version `bold'
(Font)                  T1/lmtt/m/n --> T1/lmtt/b/n on input line 201.

(/home/christian/.TinyTeX/texmf-dist/tex/latex/translator/translator-basic-dict
ionary-English.dict
Dictionary: translator-basic-dictionary, Language: English 
)
(/home/christian/.TinyTeX/texmf-dist/tex/latex/translator/translator-bibliograp
hy-dictionary-English.dict
Dictionary: translator-bibliography-dictionary, Language: English 
)
(/home/christian/.TinyTeX/texmf-dist/tex/latex/translator/translator-environmen
t-dictionary-English.dict
Dictionary: translator-environment-dictionary, Language: English 
)
(/home/christian/.TinyTeX/texmf-dist/tex/latex/translator/translator-months-dic
tionary-English.dict
Dictionary: translator-months-dictionary, Language: English 
)
(/home/christian/.TinyTeX/texmf-dist/tex/latex/translator/translator-numbers-di
ctionary-English.dict
Dictionary: translator-numbers-dictionary, Language: English 
)
(/home/christian/.TinyTeX/texmf-dist/tex/latex/translator/translator-theorem-di
ctionary-English.dict
Dictionary: translator-theorem-dictionary, Language: English 
) (./2022_MIDB_AdjHE.nav)
</home/christian/Documents/Templates/U_of_m_logos_updated_2021/Goldy Gopher/Gol
dy-Word-ppt-PNG/color/goldyM2out-RGB.png, id=30, 216.81pt x 150.3216pt>
File: /home/christian/Documents/Templates/U_of_m_logos_updated_2021/Goldy Gophe
r/Goldy-Word-ppt-PNG/color/goldyM2out-RGB.png Graphic file (type png)
<use /home/christian/Documents/Templates/U_of_m_logos_updated_2021/Goldy Gopher
/Goldy-Word-ppt-PNG/color/goldyM2out-RGB.png>
Package pdftex.def Info: /home/christian/Documents/Templates/U_of_m_logos_updat
ed_2021/Goldy Gopher/Goldy-Word-ppt-PNG/color/goldyM2out-RGB.png  used on input
 line 202.
(pdftex.def)             Requested size: 108.40472pt x 75.1606pt.

Overfull \vbox (14.10898pt too high) detected at line 202
 []

[1{/home/christian/.TinyTeX/texmf-var/fonts/map/pdftex/updmap/pdftex.map}

 </home/christian/Documents/Templates/U_of_m_logos_updated_2021/Goldy Gopher/Go
ldy-Word-ppt-PNG/color/goldyM2out-RGB.png>] (./2022_MIDB_AdjHE.toc) [2

]
</home/christian/Research/Stat_gen/tools/Basu_herit/docs/Presentations/Images/G
enesxEnvironment.png, id=58, 948.54375pt x 355.3275pt>
File: /home/christian/Research/Stat_gen/tools/Basu_herit/docs/Presentations/Ima
ges/GenesxEnvironment.png Graphic file (type png)
<use /home/christian/Research/Stat_gen/tools/Basu_herit/docs/Presentations/Imag
es/GenesxEnvironment.png>
Package pdftex.def Info: /home/christian/Research/Stat_gen/tools/Basu_herit/doc
s/Presentations/Images/GenesxEnvironment.png  used on input line 218.
(pdftex.def)             Requested size: 307.28886pt x 115.11137pt.
 [3

 </home/christian/Research/Stat_gen/tools/Basu_herit/docs/Presentations/Images/
GenesxEnvironment.png>]
LaTeX Font Info:    Trying to load font information for OT1+lmss on input line 
233.
 (/home/christian/.TinyTeX/texmf-dist/tex/latex/lm/ot1lmss.fd
File: ot1lmss.fd 2015/05/01 v1.6.1 Font defs for Latin Modern
)
LaTeX Font Info:    Trying to load font information for OML+lmm on input line 2
33.

(/home/christian/.TinyTeX/texmf-dist/tex/latex/lm/omllmm.fd
File: omllmm.fd 2015/05/01 v1.6.1 Font defs for Latin Modern
)
LaTeX Font Info:    Trying to load font information for OMS+lmsy on input line 
233.

(/home/christian/.TinyTeX/texmf-dist/tex/latex/lm/omslmsy.fd
File: omslmsy.fd 2015/05/01 v1.6.1 Font defs for Latin Modern
)
LaTeX Font Info:    Trying to load font information for OMX+lmex on input line 
233.

(/home/christian/.TinyTeX/texmf-dist/tex/latex/lm/omxlmex.fd
File: omxlmex.fd 2015/05/01 v1.6.1 Font defs for Latin Modern
)
LaTeX Font Info:    External font `lmex10' loaded for size
(Font)              <10.95> on input line 233.
LaTeX Font Info:    External font `lmex10' loaded for size
(Font)              <8> on input line 233.
LaTeX Font Info:    External font `lmex10' loaded for size
(Font)              <6> on input line 233.
LaTeX Font Info:    Trying to load font information for U+msa on input line 233
.

(/home/christian/.TinyTeX/texmf-dist/tex/latex/amsfonts/umsa.fd
File: umsa.fd 2013/01/14 v3.01 AMS symbols A
)
LaTeX Font Info:    Trying to load font information for U+msb on input line 233
.

(/home/christian/.TinyTeX/texmf-dist/tex/latex/amsfonts/umsb.fd
File: umsb.fd 2013/01/14 v3.01 AMS symbols B
)
LaTeX Font Info:    Font shape `T1/lmss/m/it' in size <10.95> not available
(Font)              Font shape `T1/lmss/m/sl' tried instead on input line 233.
LaTeX Font Info:    Font shape `T1/lmss/m/it' in size <8> not available
(Font)              Font shape `T1/lmss/m/sl' tried instead on input line 233.
LaTeX Font Info:    Font shape `T1/lmss/m/it' in size <6> not available
(Font)              Font shape `T1/lmss/m/sl' tried instead on input line 233.
 [4

] [5

]
[6

]
</home/christian/Research/Stat_gen/tools/Basu_herit/docs/timeline_diagram.png, 
id=96, 864.22874pt x 114.4275pt>
File: /home/christian/Research/Stat_gen/tools/Basu_herit/docs/timeline_diagram.
png Graphic file (type png)
<use /home/christian/Research/Stat_gen/tools/Basu_herit/docs/timeline_diagram.p
ng>
Package pdftex.def Info: /home/christian/Research/Stat_gen/tools/Basu_herit/doc
s/timeline_diagram.png  used on input line 270.
(pdftex.def)             Requested size: 307.28467pt x 40.68576pt.
 [7

 </home/christian/Research/Stat_gen/tools/Basu_herit/docs/timeline_diagram.png>
]
</home/christian/Research/Stat_gen/tools/Basu_herit/docs/Presentations/Images/G
RM_decomp.png, id=108, 350.30875pt x 128.48pt>
File: /home/christian/Research/Stat_gen/tools/Basu_herit/docs/Presentations/Ima
ges/GRM_decomp.png Graphic file (type png)
<use /home/christian/Research/Stat_gen/tools/Basu_herit/docs/Presentations/Imag
es/GRM_decomp.png>
Package pdftex.def Info: /home/christian/Research/Stat_gen/tools/Basu_herit/doc
s/Presentations/Images/GRM_decomp.png  used on input line 286.
(pdftex.def)             Requested size: 215.10452pt x 78.8922pt.
 [8

 </home/christian/Research/Stat_gen/tools/Basu_herit/docs/Presentations/Images/
GRM_decomp.png>] [9

] [10

] [11

] [12

]
</home/christian/Research/Stat_gen/tools/Basu_herit/docs/Simulation_diagram.png
, id=151, 479.7925pt x 347.2975pt>
File: /home/christian/Research/Stat_gen/tools/Basu_herit/docs/Simulation_diagra
m.png Graphic file (type png)
<use /home/christian/Research/Stat_gen/tools/Basu_herit/docs/Simulation_diagram
.png>
Package pdftex.def Info: /home/christian/Research/Stat_gen/tools/Basu_herit/doc
s/Simulation_diagram.png  used on input line 369.
(pdftex.def)             Requested size: 215.0993pt x 155.6995pt.
 [13

 </home/christian/Research/Stat_gen/tools/Basu_herit/docs/Simulation_diagram.pn
g>]
</home/christian/Research/Stat_gen/tools/Basu_herit/docs/Presentations/Images/G
RM_50_10_1_Homo.png, id=161, 433.62pt x 289.08pt>
File: /home/christian/Research/Stat_gen/tools/Basu_herit/docs/Presentations/Ima
ges/GRM_50_10_1_Homo.png Graphic file (type png)
<use /home/christian/Research/Stat_gen/tools/Basu_herit/docs/Presentations/Imag
es/GRM_50_10_1_Homo.png>
Package pdftex.def Info: /home/christian/Research/Stat_gen/tools/Basu_herit/doc
s/Presentations/Images/GRM_50_10_1_Homo.png  used on input line 375.
(pdftex.def)             Requested size: 150.57861pt x 165.57129pt.
</home/christian/Research/Stat_gen/tools/Basu_herit/docs/Presentations/Images/G
RM_50_10_2_IID.png, id=163, 433.62pt x 289.08pt>
File: /home/christian/Research/Stat_gen/tools/Basu_herit/docs/Presentations/Ima
ges/GRM_50_10_2_IID.png Graphic file (type png)
<use /home/christian/Research/Stat_gen/tools/Basu_herit/docs/Presentations/Imag
es/GRM_50_10_2_IID.png>
Package pdftex.def Info: /home/christian/Research/Stat_gen/tools/Basu_herit/doc
s/Presentations/Images/GRM_50_10_2_IID.png  used on input line 375.
(pdftex.def)             Requested size: 150.57861pt x 165.57129pt.
 [14

 </home/christian/Research/Stat_gen/tools/Basu_herit/docs/Presentations/Images/
GRM_50_10_1_Homo.png> </home/christian/Research/Stat_gen/tools/Basu_herit/docs/
Presentations/Images/GRM_50_10_2_IID.png>]
</home/christian/Research/Stat_gen/tools/Basu_herit/docs/Presentations/Images/E
sts_c1_s30.png, id=178, 1836.8625pt x 926.46124pt>
File: /home/christian/Research/Stat_gen/tools/Basu_herit/docs/Presentations/Ima
ges/Ests_c1_s30.png Graphic file (type png)
<use /home/christian/Research/Stat_gen/tools/Basu_herit/docs/Presentations/Imag
es/Ests_c1_s30.png>
Package pdftex.def Info: /home/christian/Research/Stat_gen/tools/Basu_herit/doc
s/Presentations/Images/Ests_c1_s30.png  used on input line 381.
(pdftex.def)             Requested size: 368.73938pt x 185.98166pt.

Overfull \hbox (61.44951pt too wide) in paragraph at lines 381--381
 [][] 
 []

[15

 </home/christian/Research/Stat_gen/tools/Basu_herit/docs/Presentations/Images/
Ests_c1_s30.png>]
</home/christian/Research/Stat_gen/tools/Basu_herit/docs/Presentations/Images/A
djHE_sim.png, id=188, 1911.14pt x 926.46124pt>
File: /home/christian/Research/Stat_gen/tools/Basu_herit/docs/Presentations/Ima
ges/AdjHE_sim.png Graphic file (type png)
<use /home/christian/Research/Stat_gen/tools/Basu_herit/docs/Presentations/Imag
es/AdjHE_sim.png>
Package pdftex.def Info: /home/christian/Research/Stat_gen/tools/Basu_herit/doc
s/Presentations/Images/AdjHE_sim.png  used on input line 386.
(pdftex.def)             Requested size: 368.74857pt x 178.75783pt.

Overfull \hbox (61.4587pt too wide) in paragraph at lines 386--386
 [][] 
 []

[16

 </home/christian/Research/Stat_gen/tools/Basu_herit/docs/Presentations/Images/
AdjHE_sim.png>]
</home/christian/Research/Stat_gen/tools/Basu_herit/docs/Presentations/Images/n
aive_GCTA.png, id=198, 505.89pt x 505.89pt>
File: /home/christian/Research/Stat_gen/tools/Basu_herit/docs/Presentations/Ima
ges/naive_GCTA.png Graphic file (type png)
<use /home/christian/Research/Stat_gen/tools/Basu_herit/docs/Presentations/Imag
es/naive_GCTA.png>
Package pdftex.def Info: /home/christian/Research/Stat_gen/tools/Basu_herit/doc
s/Presentations/Images/naive_GCTA.png  used on input line 394.
(pdftex.def)             Requested size: 150.57167pt x 150.57167pt.
</home/christian/Research/Stat_gen/tools/Basu_herit/docs/Presentations/Images/n
aive_AdjHE.png, id=199, 505.89pt x 505.89pt>
File: /home/christian/Research/Stat_gen/tools/Basu_herit/docs/Presentations/Ima
ges/naive_AdjHE.png Graphic file (type png)
<use /home/christian/Research/Stat_gen/tools/Basu_herit/docs/Presentations/Imag
es/naive_AdjHE.png>
Package pdftex.def Info: /home/christian/Research/Stat_gen/tools/Basu_herit/doc
s/Presentations/Images/naive_AdjHE.png  used on input line 394.
(pdftex.def)             Requested size: 150.57167pt x 150.57167pt.
 [17

 </home/christian/Research/Stat_gen/tools/Basu_herit/docs/Presentations/Images/
naive_GCTA.png> </home/christian/Research/Stat_gen/tools/Basu_herit/docs/Presen
tations/Images/naive_AdjHE.png>]
</home/christian/Research/Stat_gen/tools/Basu_herit/docs/Presentations/Images/A
seg_AdjHE.png, id=209, 563.10374pt x 421.575pt>
File: /home/christian/Research/Stat_gen/tools/Basu_herit/docs/Presentations/Ima
ges/Aseg_AdjHE.png Graphic file (type png)
<use /home/christian/Research/Stat_gen/tools/Basu_herit/docs/Presentations/Imag
es/Aseg_AdjHE.png>
Package pdftex.def Info: /home/christian/Research/Stat_gen/tools/Basu_herit/doc
s/Presentations/Images/Aseg_AdjHE.png  used on input line 400.
(pdftex.def)             Requested size: 307.2936pt x 230.05937pt.

Overfull \vbox (21.82814pt too high) detected at line 400
 []

[18

 </home/christian/Research/Stat_gen/tools/Basu_herit/docs/Presentations/Images/
Aseg_AdjHE.png>]
</home/christian/Research/Stat_gen/tools/Basu_herit/docs/Presentations/Images/T
opologies.png, id=219, 748.7975pt x 518.93875pt>
File: /home/christian/Research/Stat_gen/tools/Basu_herit/docs/Presentations/Ima
ges/Topologies.png Graphic file (type png)
<use /home/christian/Research/Stat_gen/tools/Basu_herit/docs/Presentations/Imag
es/Topologies.png>
Package pdftex.def Info: /home/christian/Research/Stat_gen/tools/Basu_herit/doc
s/Presentations/Images/Topologies.png  used on input line 418.
(pdftex.def)             Requested size: 184.37675pt x 127.77853pt.

Overfull \vbox (22.87648pt too high) detected at line 418
 []

[19

 </home/christian/Research/Stat_gen/tools/Basu_herit/docs/Presentations/Images/
Topologies.png>] [20

] [21

]
</home/christian/Research/Stat_gen/tools/Basu_herit/docs/Presentations/Images/G
RM_mat.png, id=247, 291.0875pt x 252.945pt>
File: /home/christian/Research/Stat_gen/tools/Basu_herit/docs/Presentations/Ima
ges/GRM_mat.png Graphic file (type png)
<use /home/christian/Research/Stat_gen/tools/Basu_herit/docs/Presentations/Imag
es/GRM_mat.png>
Package pdftex.def Info: /home/christian/Research/Stat_gen/tools/Basu_herit/doc
s/Presentations/Images/GRM_mat.png  used on input line 440.
(pdftex.def)             Requested size: 98.3337pt x 103.69267pt.
</home/christian/Research/Stat_gen/tools/Basu_herit/docs/Presentations/Images/I
_mat.png, id=249, 231.86626pt x 247.92625pt>
File: /home/christian/Research/Stat_gen/tools/Basu_herit/docs/Presentations/Ima
ges/I_mat.png Graphic file (type png)
<use /home/christian/Research/Stat_gen/tools/Basu_herit/docs/Presentations/Imag
es/I_mat.png>
Package pdftex.def Info: /home/christian/Research/Stat_gen/tools/Basu_herit/doc
s/Presentations/Images/I_mat.png  used on input line 440.
(pdftex.def)             Requested size: 98.33487pt x 105.14595pt.
</home/christian/Research/Stat_gen/tools/Basu_herit/docs/Presentations/Images/S
_mat.png, id=250, 231.86626pt x 247.92625pt>
File: /home/christian/Research/Stat_gen/tools/Basu_herit/docs/Presentations/Ima
ges/S_mat.png Graphic file (type png)
<use /home/christian/Research/Stat_gen/tools/Basu_herit/docs/Presentations/Imag
es/S_mat.png>
Package pdftex.def Info: /home/christian/Research/Stat_gen/tools/Basu_herit/doc
s/Presentations/Images/S_mat.png  used on input line 440.
(pdftex.def)             Requested size: 98.33487pt x 105.14595pt.
 [22

 </home/christian/Research/Stat_gen/tools/Basu_herit/docs/Presentations/Images/
GRM_mat.png> </home/christian/Research/Stat_gen/tools/Basu_herit/docs/Presentat
ions/Images/I_mat.png> </home/christian/Research/Stat_gen/tools/Basu_herit/docs
/Presentations/Images/S_mat.png>]
</home/christian/Research/Stat_gen/tools/Basu_herit/docs/Presentations/Images/U
KB_volume_herits.jpg, id=263, 558.58687pt x 574.39594pt>
File: /home/christian/Research/Stat_gen/tools/Basu_herit/docs/Presentations/Ima
ges/UKB_volume_herits.jpg Graphic file (type jpg)
<use /home/christian/Research/Stat_gen/tools/Basu_herit/docs/Presentations/Imag
es/UKB_volume_herits.jpg>
Package pdftex.def Info: /home/christian/Research/Stat_gen/tools/Basu_herit/doc
s/Presentations/Images/UKB_volume_herits.jpg  used on input line 447.
(pdftex.def)             Requested size: 232.65305pt x 239.23755pt.

Overfull \vbox (31.00632pt too high) detected at line 447
 []

[23

 </home/christian/Research/Stat_gen/tools/Basu_herit/docs/Presentations/Images/
UKB_volume_herits.jpg>]
\tf@nav=\write7
\openout7 = `2022_MIDB_AdjHE.nav'.

\tf@toc=\write8
\openout8 = `2022_MIDB_AdjHE.toc'.

\tf@snm=\write9
\openout9 = `2022_MIDB_AdjHE.snm'.

 (./2022_MIDB_AdjHE.aux)
Package rerunfilecheck Info: File `2022_MIDB_AdjHE.out' has not changed.
(rerunfilecheck)             Checksum: 2C05E575CDE5DBEC1D18AB73C995D58E;745.
 ) 
Here is how much of TeX's memory you used:
 22596 strings out of 480236
 450910 string characters out of 5895369
 689529 words of memory out of 5000000
 39983 multiletter control sequences out of 15000+600000
 517585 words of font info for 59 fonts, out of 8000000 for 9000
 14 hyphenation exceptions out of 8191
 99i,14n,104p,440b,561s stack positions out of 5000i,500n,10000p,200000b,80000s
{/home/christian/.TinyTeX/texmf-dist/fonts/enc/dvips/lm/lm-ec.enc}{/home/chri
stian/.TinyTeX/texmf-dist/fonts/enc/dvips/lm/lm-mathex.enc}{/home/christian/.Ti
nyTeX/texmf-dist/fonts/enc/dvips/lm/lm-mathsy.enc}{/home/christian/.TinyTeX/tex
mf-dist/fonts/enc/dvips/lm/lm-mathit.enc}{/home/christian/.TinyTeX/texmf-dist/f
onts/enc/dvips/lm/lm-rm.enc}</home/christian/.TinyTeX/texmf-dist/fonts/type1/pu
blic/lm/lmex10.pfb></home/christian/.TinyTeX/texmf-dist/fonts/type1/public/lm/l
mmi10.pfb></home/christian/.TinyTeX/texmf-dist/fonts/type1/public/lm/lmss10.pfb
></home/christian/.TinyTeX/texmf-dist/fonts/type1/public/lm/lmss17.pfb></home/c
hristian/.TinyTeX/texmf-dist/fonts/type1/public/lm/lmss8.pfb></home/christian/.
TinyTeX/texmf-dist/fonts/type1/public/lm/lmssbx10.pfb></home/christian/.TinyTeX
/texmf-dist/fonts/type1/public/lm/lmsso10.pfb></home/christian/.TinyTeX/texmf-d
ist/fonts/type1/public/lm/lmsso8.pfb></home/christian/.TinyTeX/texmf-dist/fonts
/type1/public/lm/lmsy10.pfb></home/christian/.TinyTeX/texmf-dist/fonts/type1/pu
blic/lm/lmsy8.pfb></home/christian/.TinyTeX/texmf-dist/fonts/type1/public/amsfo
nts/symbols/msam10.pfb>
Output written on 2022_MIDB_AdjHE.pdf (23 pages, 1470876 bytes).
PDF statistics:
 340 PDF objects out of 1000 (max. 8388607)
 225 compressed objects within 3 object streams
 51 named destinations out of 1000 (max. 500000)
 178 words of extra memory for PDF output out of 10000 (max. 10000000)

